{"/home/morgan/Work/react-advanced/demo/tp5-6/src/contexts/index.js": {"path":"/home/morgan/Work/react-advanced/demo/tp5-6/src/contexts/index.js","statementMap":{"0":{"start":{"line":3,"column":27},"end":{"line":6,"column":1}},"1":{"start":{"line":8,"column":27},"end":{"line":8,"column":46}}},"fnMap":{},"branchMap":{},"s":{"0":2,"1":2},"f":{},"b":{},"_coverageSchema":"1a1c01bbd47fc00a2c39e90264f33305004495a9","hash":"d59cdb5521062def02925169679fc68dc6092635"}
,"/home/morgan/Work/react-advanced/demo/tp5-6/src/hooks/use-auth.js": {"path":"/home/morgan/Work/react-advanced/demo/tp5-6/src/hooks/use-auth.js","statementMap":{"0":{"start":{"line":4,"column":16},"end":{"line":45,"column":1}},"1":{"start":{"line":6,"column":36},"end":{"line":6,"column":59}},"2":{"start":{"line":8,"column":18},"end":{"line":25,"column":17}},"3":{"start":{"line":9,"column":23},"end":{"line":11,"column":10}},"4":{"start":{"line":13,"column":21},"end":{"line":13,"column":42}},"5":{"start":{"line":15,"column":35},"end":{"line":15,"column":39}},"6":{"start":{"line":16,"column":8},"end":{"line":16,"column":39}},"7":{"start":{"line":18,"column":8},"end":{"line":21,"column":10}},"8":{"start":{"line":23,"column":8},"end":{"line":23,"column":34}},"9":{"start":{"line":27,"column":19},"end":{"line":42,"column":17}},"10":{"start":{"line":28,"column":23},"end":{"line":30,"column":10}},"11":{"start":{"line":32,"column":19},"end":{"line":32,"column":40}},"12":{"start":{"line":33,"column":8},"end":{"line":33,"column":40}},"13":{"start":{"line":35,"column":8},"end":{"line":38,"column":10}},"14":{"start":{"line":40,"column":8},"end":{"line":40,"column":33}},"15":{"start":{"line":44,"column":4},"end":{"line":44,"column":36}}},"fnMap":{"0":{"name":"(anonymous_0)","decl":{"start":{"line":4,"column":16},"end":{"line":4,"column":17}},"loc":{"start":{"line":4,"column":22},"end":{"line":45,"column":1}},"line":4},"1":{"name":"(anonymous_1)","decl":{"start":{"line":8,"column":30},"end":{"line":8,"column":31}},"loc":{"start":{"line":8,"column":42},"end":{"line":25,"column":5}},"line":8},"2":{"name":"(anonymous_2)","decl":{"start":{"line":27,"column":31},"end":{"line":27,"column":32}},"loc":{"start":{"line":27,"column":43},"end":{"line":42,"column":5}},"line":27}},"branchMap":{},"s":{"0":2,"1":4,"2":4,"3":1,"4":1,"5":1,"6":1,"7":1,"8":1,"9":4,"10":1,"11":1,"12":1,"13":1,"14":1,"15":4},"f":{"0":4,"1":1,"2":1},"b":{},"_coverageSchema":"1a1c01bbd47fc00a2c39e90264f33305004495a9","hash":"a840f15a800e46cdc7be7e4c068257e3bb83aa7e"}
,"/home/morgan/Work/react-advanced/demo/tp5-6/src/polyfills/watch-media.js": {"path":"/home/morgan/Work/react-advanced/demo/tp5-6/src/polyfills/watch-media.js","statementMap":{"0":{"start":{"line":2,"column":4},"end":{"line":14,"column":7}},"1":{"start":{"line":4,"column":54},"end":{"line":13,"column":9}}},"fnMap":{"0":{"name":"(anonymous_0)","decl":{"start":{"line":1,"column":32},"end":{"line":1,"column":33}},"loc":{"start":{"line":1,"column":38},"end":{"line":15,"column":1}},"line":1},"1":{"name":"(anonymous_1)","decl":{"start":{"line":4,"column":44},"end":{"line":4,"column":45}},"loc":{"start":{"line":4,"column":54},"end":{"line":13,"column":9}},"line":4}},"branchMap":{},"s":{"0":2,"1":18},"f":{"0":2,"1":18},"b":{},"_coverageSchema":"1a1c01bbd47fc00a2c39e90264f33305004495a9","hash":"c1f6128db30107633cca38318e060343825e04f1"}
,"/home/morgan/Work/react-advanced/demo/tp5-6/src/views/LoginButton.jsx": {"path":"/home/morgan/Work/react-advanced/demo/tp5-6/src/views/LoginButton.jsx","statementMap":{"0":{"start":{"line":6,"column":20},"end":{"line":22,"column":1}},"1":{"start":{"line":8,"column":38},"end":{"line":8,"column":47}},"2":{"start":{"line":10,"column":4},"end":{"line":21,"column":5}}},"fnMap":{"0":{"name":"(anonymous_0)","decl":{"start":{"line":6,"column":20},"end":{"line":6,"column":21}},"loc":{"start":{"line":6,"column":26},"end":{"line":22,"column":1}},"line":6}},"branchMap":{"0":{"loc":{"start":{"line":12,"column":13},"end":{"line":19,"column":25}},"type":"cond-expr","locations":[{"start":{"line":13,"column":16},"end":{"line":15,"column":25}},{"start":{"line":17,"column":16},"end":{"line":19,"column":25}}],"line":12}},"s":{"0":1,"1":4,"2":4},"f":{"0":4},"b":{"0":[2,2]},"_coverageSchema":"1a1c01bbd47fc00a2c39e90264f33305004495a9","hash":"9fe92375a2219a9e491317e319744937aca5e0dc"}
,"/home/morgan/Work/react-advanced/demo/tp5-6/src/views/UserLED.jsx": {"path":"/home/morgan/Work/react-advanced/demo/tp5-6/src/views/UserLED.jsx","statementMap":{"0":{"start":{"line":4,"column":23},"end":{"line":9,"column":1}},"1":{"start":{"line":11,"column":20},"end":{"line":14,"column":1}},"2":{"start":{"line":12,"column":4},"end":{"line":12,"column":30}},"3":{"start":{"line":12,"column":16},"end":{"line":12,"column":30}},"4":{"start":{"line":13,"column":4},"end":{"line":13,"column":42}},"5":{"start":{"line":16,"column":16},"end":{"line":22,"column":2}},"6":{"start":{"line":17,"column":4},"end":{"line":21,"column":5}}},"fnMap":{"0":{"name":"(anonymous_0)","decl":{"start":{"line":11,"column":20},"end":{"line":11,"column":21}},"loc":{"start":{"line":11,"column":39},"end":{"line":14,"column":1}},"line":11},"1":{"name":"(anonymous_1)","decl":{"start":{"line":16,"column":21},"end":{"line":16,"column":22}},"loc":{"start":{"line":16,"column":51},"end":{"line":22,"column":1}},"line":16}},"branchMap":{"0":{"loc":{"start":{"line":12,"column":4},"end":{"line":12,"column":30}},"type":"if","locations":[{"start":{"line":12,"column":4},"end":{"line":12,"column":30}},{"start":{},"end":{}}],"line":12},"1":{"loc":{"start":{"line":13,"column":11},"end":{"line":13,"column":41}},"type":"binary-expr","locations":[{"start":{"line":13,"column":11},"end":{"line":13,"column":33}},{"start":{"line":13,"column":37},"end":{"line":13,"column":41}}],"line":13}},"s":{"0":1,"1":1,"2":3,"3":1,"4":2,"5":1,"6":3},"f":{"0":3,"1":3},"b":{"0":[1,2],"1":[2,1]},"_coverageSchema":"1a1c01bbd47fc00a2c39e90264f33305004495a9","hash":"fd25e8762c37a1033b806939dba1418fb2d85864"}
}
