TN:
SF:src/contexts/index.js
FNF:0
FNH:0
DA:3,2
DA:8,2
LF:2
LH:2
BRF:0
BRH:0
end_of_record
TN:
SF:src/hooks/use-auth.js
FN:4,(anonymous_0)
FN:8,(anonymous_1)
FN:27,(anonymous_2)
FNF:3
FNH:3
FNDA:4,(anonymous_0)
FNDA:1,(anonymous_1)
FNDA:1,(anonymous_2)
DA:4,2
DA:6,4
DA:8,4
DA:9,1
DA:13,1
DA:15,1
DA:16,1
DA:18,1
DA:23,1
DA:27,4
DA:28,1
DA:32,1
DA:33,1
DA:35,1
DA:40,1
DA:44,4
LF:16
LH:16
BRF:0
BRH:0
end_of_record
TN:
SF:src/polyfills/watch-media.js
FN:1,(anonymous_0)
FN:4,(anonymous_1)
FNF:2
FNH:2
FNDA:2,(anonymous_0)
FNDA:18,(anonymous_1)
DA:2,2
DA:4,18
LF:2
LH:2
BRF:0
BRH:0
end_of_record
TN:
SF:src/views/LoginButton.jsx
FN:6,(anonymous_0)
FNF:1
FNH:1
FNDA:4,(anonymous_0)
DA:6,1
DA:8,4
DA:10,4
LF:3
LH:3
BRDA:12,0,0,2
BRDA:12,0,1,2
BRF:2
BRH:2
end_of_record
TN:
SF:src/views/UserLED.jsx
FN:11,(anonymous_0)
FN:16,(anonymous_1)
FNF:2
FNH:2
FNDA:3,(anonymous_0)
FNDA:3,(anonymous_1)
DA:4,1
DA:11,1
DA:12,3
DA:13,2
DA:16,1
DA:17,3
LF:6
LH:6
BRDA:12,0,0,1
BRDA:12,0,1,2
BRDA:13,1,0,2
BRDA:13,1,1,1
BRF:4
BRH:4
end_of_record
