<?xml version="1.0" encoding="UTF-8"?>
<coverage generated="1743084997213" clover="3.2.0">
  <project timestamp="1743084997213" name="All files">
    <metrics statements="33" coveredstatements="18" conditionals="8" coveredconditionals="4" methods="8" coveredmethods="6" elements="49" coveredelements="28" complexity="0" loc="33" ncloc="33" packages="4" files="5" classes="5"/>
    <package name="contexts">
      <metrics statements="2" coveredstatements="2" conditionals="0" coveredconditionals="0" methods="0" coveredmethods="0"/>
      <file name="index.js" path="/home/morgan/Work/react-advanced/demo/tp5-6/src/contexts/index.js">
        <metrics statements="2" coveredstatements="2" conditionals="0" coveredconditionals="0" methods="0" coveredmethods="0"/>
        <line num="3" count="1" type="stmt"/>
        <line num="8" count="1" type="stmt"/>
      </file>
    </package>
    <package name="hooks">
      <metrics statements="16" coveredstatements="5" conditionals="0" coveredconditionals="0" methods="3" coveredmethods="1"/>
      <file name="use-auth.js" path="/home/morgan/Work/react-advanced/demo/tp5-6/src/hooks/use-auth.js">
        <metrics statements="16" coveredstatements="5" conditionals="0" coveredconditionals="0" methods="3" coveredmethods="1"/>
        <line num="4" count="1" type="stmt"/>
        <line num="6" count="4" type="stmt"/>
        <line num="8" count="1" type="stmt"/>
        <line num="9" count="0" type="stmt"/>
        <line num="13" count="0" type="stmt"/>
        <line num="15" count="0" type="stmt"/>
        <line num="16" count="0" type="stmt"/>
        <line num="18" count="0" type="stmt"/>
        <line num="23" count="0" type="stmt"/>
        <line num="27" count="1" type="stmt"/>
        <line num="28" count="0" type="stmt"/>
        <line num="32" count="0" type="stmt"/>
        <line num="33" count="0" type="stmt"/>
        <line num="35" count="0" type="stmt"/>
        <line num="40" count="0" type="stmt"/>
        <line num="44" count="1" type="stmt"/>
      </file>
    </package>
    <package name="polyfills">
      <metrics statements="2" coveredstatements="2" conditionals="0" coveredconditionals="0" methods="2" coveredmethods="2"/>
      <file name="watch-media.js" path="/home/morgan/Work/react-advanced/demo/tp5-6/src/polyfills/watch-media.js">
        <metrics statements="2" coveredstatements="2" conditionals="0" coveredconditionals="0" methods="2" coveredmethods="2"/>
        <line num="2" count="2" type="stmt"/>
        <line num="4" count="12" type="stmt"/>
      </file>
    </package>
    <package name="views">
      <metrics statements="13" coveredstatements="9" conditionals="8" coveredconditionals="4" methods="3" coveredmethods="3"/>
      <file name="LoginButton.jsx" path="/home/morgan/Work/react-advanced/demo/tp5-6/src/views/LoginButton.jsx">
        <metrics statements="3" coveredstatements="3" conditionals="2" coveredconditionals="1" methods="1" coveredmethods="1"/>
        <line num="6" count="1" type="stmt"/>
        <line num="8" count="4" type="stmt"/>
        <line num="10" count="1" type="stmt"/>
      </file>
      <file name="UserLED.jsx" path="/home/morgan/Work/react-advanced/demo/tp5-6/src/views/UserLED.jsx">
        <metrics statements="10" coveredstatements="6" conditionals="6" coveredconditionals="3" methods="2" coveredmethods="2"/>
        <line num="4" count="1" type="stmt"/>
        <line num="6" count="2" type="cond" truecount="2" falsecount="0"/>
        <line num="8" count="1" type="cond" truecount="1" falsecount="3"/>
        <line num="9" count="0" type="stmt"/>
        <line num="10" count="0" type="stmt"/>
        <line num="11" count="1" type="stmt"/>
        <line num="12" count="0" type="stmt"/>
        <line num="15" count="0" type="stmt"/>
        <line num="18" count="1" type="stmt"/>
        <line num="19" count="2" type="stmt"/>
      </file>
    </package>
  </project>
</coverage>
