TN:
SF:src/contexts/index.js
FNF:0
FNH:0
DA:3,1
DA:8,1
LF:2
LH:2
BRF:0
BRH:0
end_of_record
TN:
SF:src/hooks/use-auth.js
FN:4,(anonymous_0)
FN:8,(anonymous_1)
FN:27,(anonymous_2)
FNF:3
FNH:1
FNDA:4,(anonymous_0)
FNDA:0,(anonymous_1)
FNDA:0,(anonymous_2)
DA:4,1
DA:6,4
DA:8,1
DA:9,0
DA:13,0
DA:15,0
DA:16,0
DA:18,0
DA:23,0
DA:27,1
DA:28,0
DA:32,0
DA:33,0
DA:35,0
DA:40,0
DA:44,1
LF:16
LH:5
BRF:0
BRH:0
end_of_record
TN:
SF:src/polyfills/watch-media.js
FN:1,(anonymous_0)
FN:4,(anonymous_1)
FNF:2
FNH:2
FNDA:2,(anonymous_0)
FNDA:12,(anonymous_1)
DA:2,2
DA:4,12
LF:2
LH:2
BRF:0
BRH:0
end_of_record
TN:
SF:src/views/LoginButton.jsx
FN:6,(anonymous_0)
FNF:1
FNH:1
FNDA:4,(anonymous_0)
DA:6,1
DA:8,4
DA:10,1
LF:3
LH:3
BRDA:12,0,0,0
BRDA:12,0,1,1
BRF:2
BRH:1
end_of_record
TN:
SF:src/views/UserLED.jsx
FN:4,(anonymous_0)
FN:18,(anonymous_1)
FNF:2
FNH:2
FNDA:2,(anonymous_0)
FNDA:2,(anonymous_1)
DA:4,1
DA:6,2
DA:8,1
DA:9,0
DA:10,0
DA:11,1
DA:12,0
DA:15,0
DA:18,1
DA:19,2
LF:10
LH:6
BRDA:6,0,0,1
BRDA:6,0,1,1
BRDA:8,1,0,0
BRDA:8,1,1,0
BRDA:8,1,2,1
BRDA:8,1,3,0
BRF:6
BRH:3
end_of_record
