<?xml version="1.0" encoding="UTF-8"?>
<coverage generated="1742484603905" clover="3.2.0">
  <project timestamp="1742484603905" name="All files">
    <metrics statements="8" coveredstatements="8" conditionals="0" coveredconditionals="0" methods="5" coveredmethods="5" elements="13" coveredelements="13" complexity="0" loc="8" ncloc="8" packages="1" files="2" classes="2"/>
    <file name="Counter.jsx" path="/home/morgan/Work/react-advanced/demo/unit-testing/src/Counter.jsx">
      <metrics statements="6" coveredstatements="6" conditionals="0" coveredconditionals="0" methods="3" coveredmethods="3"/>
      <line num="4" count="5" type="stmt"/>
      <line num="6" count="5" type="stmt"/>
      <line num="7" count="1" type="stmt"/>
      <line num="10" count="5" type="stmt"/>
      <line num="11" count="1" type="stmt"/>
      <line num="14" count="5" type="stmt"/>
    </file>
    <file name="Users.jsx" path="/home/morgan/Work/react-advanced/demo/unit-testing/src/Users.jsx">
      <metrics statements="2" coveredstatements="2" conditionals="0" coveredconditionals="0" methods="2" coveredmethods="2"/>
      <line num="5" count="3" type="stmt"/>
      <line num="12" count="5" type="stmt"/>
    </file>
  </project>
</coverage>
