{"/home/morgan/Work/react-advanced/demo/unit-testing/src/Counter.jsx": {"path":"/home/morgan/Work/react-advanced/demo/unit-testing/src/Counter.jsx","statementMap":{"0":{"start":{"line":4,"column":30},"end":{"line":4,"column":41}},"1":{"start":{"line":6,"column":20},"end":{"line":8,"column":3}},"2":{"start":{"line":7,"column":4},"end":{"line":7,"column":28}},"3":{"start":{"line":10,"column":20},"end":{"line":12,"column":3}},"4":{"start":{"line":11,"column":4},"end":{"line":11,"column":28}},"5":{"start":{"line":14,"column":2},"end":{"line":25,"column":4}}},"fnMap":{"0":{"name":"Counter","decl":{"start":{"line":3,"column":9},"end":{"line":3,"column":16}},"loc":{"start":{"line":3,"column":19},"end":{"line":26,"column":1}},"line":3},"1":{"name":"(anonymous_1)","decl":{"start":{"line":6,"column":20},"end":{"line":6,"column":21}},"loc":{"start":{"line":6,"column":26},"end":{"line":8,"column":3}},"line":6},"2":{"name":"(anonymous_2)","decl":{"start":{"line":10,"column":20},"end":{"line":10,"column":21}},"loc":{"start":{"line":10,"column":26},"end":{"line":12,"column":3}},"line":10}},"branchMap":{},"s":{"0":5,"1":5,"2":1,"3":5,"4":1,"5":5},"f":{"0":5,"1":1,"2":1},"b":{},"_coverageSchema":"1a1c01bbd47fc00a2c39e90264f33305004495a9","hash":"282abd8afd6ed980f390dee0638117cb77cac2a6"}
,"/home/morgan/Work/react-advanced/demo/unit-testing/src/Users.jsx": {"path":"/home/morgan/Work/react-advanced/demo/unit-testing/src/Users.jsx","statementMap":{"0":{"start":{"line":5,"column":2},"end":{"line":15,"column":4}},"1":{"start":{"line":12,"column":8},"end":{"line":12,"column":37}}},"fnMap":{"0":{"name":"Users","decl":{"start":{"line":4,"column":9},"end":{"line":4,"column":14}},"loc":{"start":{"line":4,"column":26},"end":{"line":16,"column":1}},"line":4},"1":{"name":"(anonymous_1)","decl":{"start":{"line":11,"column":17},"end":{"line":11,"column":18}},"loc":{"start":{"line":12,"column":8},"end":{"line":12,"column":37}},"line":12}},"branchMap":{},"s":{"0":3,"1":5},"f":{"0":3,"1":5},"b":{},"_coverageSchema":"1a1c01bbd47fc00a2c39e90264f33305004495a9","hash":"1974e80e807cf62da1023b6cf298dea0e66b6262"}
}
